\BOOKMARK [0][-]{chapter.1}{Answers}{}
\BOOKMARK [1][-]{section.1.1}{Question 1}{chapter.1}
\BOOKMARK [2][-]{subsection.1.1.1}{a}{section.1.1}
\BOOKMARK [2][-]{subsection.1.1.2}{b}{section.1.1}
\BOOKMARK [1][-]{section.1.2}{Question 2}{chapter.1}
\BOOKMARK [2][-]{subsection.1.2.1}{a}{section.1.2}
\BOOKMARK [2][-]{subsection.1.2.2}{b}{section.1.2}
\BOOKMARK [1][-]{section.1.3}{Question 3}{chapter.1}
\BOOKMARK [2][-]{subsection.1.3.1}{a}{section.1.3}
\BOOKMARK [2][-]{subsection.1.3.2}{b}{section.1.3}
\BOOKMARK [2][-]{subsection.1.3.3}{c}{section.1.3}
\BOOKMARK [1][-]{section.1.4}{Question 4}{chapter.1}
\BOOKMARK [2][-]{subsection.1.4.1}{a}{section.1.4}
\BOOKMARK [2][-]{subsection.1.4.2}{b}{section.1.4}
\BOOKMARK [1][-]{section.1.5}{Question 5}{chapter.1}
\BOOKMARK [2][-]{subsection.1.5.1}{b}{section.1.5}
\BOOKMARK [2][-]{subsection.1.5.2}{c}{section.1.5}
\BOOKMARK [1][-]{section.1.6}{Question 6}{chapter.1}
\BOOKMARK [2][-]{subsection.1.6.1}{a}{section.1.6}
\BOOKMARK [2][-]{subsection.1.6.2}{b}{section.1.6}
\BOOKMARK [1][-]{section.1.7}{Question 7}{chapter.1}
\BOOKMARK [2][-]{subsection.1.7.1}{a}{section.1.7}
\BOOKMARK [2][-]{subsection.1.7.2}{b}{section.1.7}
\BOOKMARK [1][-]{section.1.8}{Question 8}{chapter.1}
\BOOKMARK [2][-]{subsection.1.8.1}{a}{section.1.8}
\BOOKMARK [2][-]{subsection.1.8.2}{b}{section.1.8}
\BOOKMARK [1][-]{section.1.9}{Question 9}{chapter.1}
\BOOKMARK [2][-]{subsection.1.9.1}{a}{section.1.9}
\BOOKMARK [2][-]{subsection.1.9.2}{b}{section.1.9}
